0 info it worked if it ends with ok
1 verbose cli [ '/Users/raysmith/.node/bin/node',
1 verbose cli   '/Users/raysmith/.node/bin/npm',
1 verbose cli   'run',
1 verbose cli   'test' ]
2 info using npm@3.8.6
3 info using node@v6.1.0
4 verbose run-script [ 'pretest', 'test', 'posttest' ]
5 info lifecycle cute-bunny-app@1.0.0~pretest: cute-bunny-app@1.0.0
6 silly lifecycle cute-bunny-app@1.0.0~pretest: no script for pretest, continuing
7 info lifecycle cute-bunny-app@1.0.0~test: cute-bunny-app@1.0.0
8 verbose lifecycle cute-bunny-app@1.0.0~test: unsafe-perm in lifecycle true
9 verbose lifecycle cute-bunny-app@1.0.0~test: PATH: /Users/raysmith/.node/lib/node_modules/npm/bin/node-gyp-bin:/Users/raysmith/codefellows/401/assignments/14/cute-bunny-display-widgets/app/node_modules/.bin:/Users/raysmith/.node/bin:/Users/raysmith/.node/bin:/Library/Frameworks/Python.framework/Versions/2.7/bin:/usr/local/mysql/bin:/Users/raysmith/pear/bin:/usr/local/bin:/usr/bin:/bin:/usr/sbin:/sbin
10 verbose lifecycle cute-bunny-app@1.0.0~test: CWD: /Users/raysmith/codefellows/401/assignments/14/cute-bunny-display-widgets/app
11 silly lifecycle cute-bunny-app@1.0.0~test: Args: [ '-c', 'npm run lint && npm run unit-test' ]
12 silly lifecycle cute-bunny-app@1.0.0~test: Returned: code: 1  signal: null
13 info lifecycle cute-bunny-app@1.0.0~test: Failed to exec test script
14 verbose stack Error: cute-bunny-app@1.0.0 test: `npm run lint && npm run unit-test`
14 verbose stack Exit status 1
14 verbose stack     at EventEmitter.<anonymous> (/Users/raysmith/.node/lib/node_modules/npm/lib/utils/lifecycle.js:239:16)
14 verbose stack     at emitTwo (events.js:106:13)
14 verbose stack     at EventEmitter.emit (events.js:191:7)
14 verbose stack     at ChildProcess.<anonymous> (/Users/raysmith/.node/lib/node_modules/npm/lib/utils/spawn.js:24:14)
14 verbose stack     at emitTwo (events.js:106:13)
14 verbose stack     at ChildProcess.emit (events.js:191:7)
14 verbose stack     at maybeClose (internal/child_process.js:850:16)
14 verbose stack     at Process.ChildProcess._handle.onexit (internal/child_process.js:215:5)
15 verbose pkgid cute-bunny-app@1.0.0
16 verbose cwd /Users/raysmith/codefellows/401/assignments/14/cute-bunny-display-widgets/app
17 error Darwin 15.5.0
18 error argv "/Users/raysmith/.node/bin/node" "/Users/raysmith/.node/bin/npm" "run" "test"
19 error node v6.1.0
20 error npm  v3.8.6
21 error code ELIFECYCLE
22 error cute-bunny-app@1.0.0 test: `npm run lint && npm run unit-test`
22 error Exit status 1
23 error Failed at the cute-bunny-app@1.0.0 test script 'npm run lint && npm run unit-test'.
23 error Make sure you have the latest version of node.js and npm installed.
23 error If you do, this is most likely a problem with the cute-bunny-app package,
23 error not with npm itself.
23 error Tell the author that this fails on your system:
23 error     npm run lint && npm run unit-test
23 error You can get information on how to open an issue for this project with:
23 error     npm bugs cute-bunny-app
23 error Or if that isn't available, you can get their info via:
23 error     npm owner ls cute-bunny-app
23 error There is likely additional logging output above.
24 verbose exit [ 1, true ]
